[
  {
    "line": 1,
    "elements": [
      {
        "start_timestamp": "2022-06-23T21:46:38.503Z",
        "before": [
          {
            "result": {
              "duration": 8478048000,
              "status": "passed"
            },
            "match": {
              "location": "steps.Hooks.start()"
            }
          }
        ],
        "line": 4,
        "name": "Testing Test1 with parallel testing",
        "description": "",
        "id": "testing-website;testing-test1-with-parallel-testing",
        "after": [
          {
            "result": {
              "error_message": "org.openqa.selenium.NoSuchWindowException: no such window: target window already closed\nfrom unknown error: web view not found\n  (Session info: chrome\u003d102.0.5005.115)\nBuild info: version: \u00274.1.4\u0027, revision: \u0027535d840ee2\u0027\nSystem info: host: \u0027Sakirs-MBP.lan\u0027, ip: \u0027192.168.1.195\u0027, os.name: \u0027Mac OS X\u0027, os.arch: \u0027x86_64\u0027, os.version: \u002712.4\u0027, java.version: \u002717.0.2\u0027\nDriver info: org.openqa.selenium.chrome.ChromeDriver\nCommand: [963a9d0998b142eac4b0939b7ce55b43, screenshot {}]\nCapabilities {acceptInsecureCerts: false, browserName: chrome, browserVersion: 102.0.5005.115, chrome: {chromedriverVersion: 102.0.5005.61 (0e59bcc00cc4..., userDataDir: /var/folders/k6/v587rhlx46d...}, goog:chromeOptions: {debuggerAddress: localhost:57891}, javascriptEnabled: true, networkConnectionEnabled: false, pageLoadStrategy: normal, platform: MAC, platformName: MAC, proxy: Proxy(), se:cdp: ws://localhost:57891/devtoo..., se:cdpVersion: 102.0.5005.115, setWindowRect: true, strictFileInteractability: false, timeouts: {implicit: 0, pageLoad: 300000, script: 30000}, unhandledPromptBehavior: dismiss and notify, webauthn:extension:credBlob: true, webauthn:extension:largeBlob: true, webauthn:virtualAuthenticators: true}\nSession ID: 963a9d0998b142eac4b0939b7ce55b43\n\tat java.base/jdk.internal.reflect.NativeConstructorAccessorImpl.newInstance0(Native Method)\n\tat java.base/jdk.internal.reflect.NativeConstructorAccessorImpl.newInstance(NativeConstructorAccessorImpl.java:77)\n\tat java.base/jdk.internal.reflect.DelegatingConstructorAccessorImpl.newInstance(DelegatingConstructorAccessorImpl.java:45)\n\tat java.base/java.lang.reflect.Constructor.newInstanceWithCaller(Constructor.java:499)\n\tat java.base/java.lang.reflect.Constructor.newInstance(Constructor.java:480)\n\tat org.openqa.selenium.remote.codec.w3c.W3CHttpResponseCodec.createException(W3CHttpResponseCodec.java:200)\n\tat org.openqa.selenium.remote.codec.w3c.W3CHttpResponseCodec.decode(W3CHttpResponseCodec.java:133)\n\tat org.openqa.selenium.remote.codec.w3c.W3CHttpResponseCodec.decode(W3CHttpResponseCodec.java:53)\n\tat org.openqa.selenium.remote.HttpCommandExecutor.execute(HttpCommandExecutor.java:184)\n\tat org.openqa.selenium.remote.service.DriverCommandExecutor.invokeExecute(DriverCommandExecutor.java:167)\n\tat org.openqa.selenium.remote.service.DriverCommandExecutor.execute(DriverCommandExecutor.java:142)\n\tat org.openqa.selenium.remote.RemoteWebDriver.execute(RemoteWebDriver.java:567)\n\tat org.openqa.selenium.remote.RemoteWebDriver.execute(RemoteWebDriver.java:622)\n\tat org.openqa.selenium.remote.RemoteWebDriver.execute(RemoteWebDriver.java:626)\n\tat org.openqa.selenium.remote.RemoteWebDriver.getScreenshotAs(RemoteWebDriver.java:351)\n\tat utils.CommonMethods.takeScreenShot(CommonMethods.java:78)\n\tat steps.Hooks.end(Hooks.java:34)\n",
              "duration": 2391010000,
              "status": "failed"
            },
            "match": {
              "location": "steps.Hooks.end(io.cucumber.java.Scenario)"
            }
          }
        ],
        "type": "scenario",
        "keyword": "Scenario",
        "steps": [
          {
            "result": {
              "duration": 32225000,
              "status": "passed"
            },
            "line": 5,
            "name": "user navigates to tutorials ninja website and verify that the title is \"Your Store\"",
            "match": {
              "arguments": [
                {
                  "val": "\"Your Store\"",
                  "offset": 71
                }
              ],
              "location": "steps.Test1Steps.userNavigatesToTutorialsNinjaWebsiteAndVerifyThatTheTitleIs(java.lang.String)"
            },
            "keyword": "Given "
          },
          {
            "result": {
              "duration": 117318000,
              "status": "passed"
            },
            "line": 6,
            "name": "user selects Laptops \u0026 Notebooks  From top menu",
            "match": {
              "location": "steps.Test1Steps.userSelectsLaptopsNotebooksFromTopMenu()"
            },
            "keyword": "And "
          },
          {
            "result": {
              "duration": 1063443000,
              "status": "passed"
            },
            "line": 7,
            "name": "user selects Show All Laptops \u0026 Notebooks From dropdown menu",
            "match": {
              "location": "steps.Test1Steps.userSelectsShowAllLaptopsNotebooksFromDropdownMenu()"
            },
            "keyword": "And "
          },
          {
            "result": {
              "error_message": "org.openqa.selenium.NoSuchElementException: Unable to find element with locator By.id: button-cart\nFor documentation on this error, please visit: https://selenium.dev/exceptions/#no_such_element\nBuild info: version: \u00274.1.4\u0027, revision: \u0027535d840ee2\u0027\nSystem info: host: \u0027Sakirs-MBP.lan\u0027, ip: \u0027192.168.1.195\u0027, os.name: \u0027Mac OS X\u0027, os.arch: \u0027x86_64\u0027, os.version: \u002712.4\u0027, java.version: \u002717.0.2\u0027\nDriver info: driver.version: RemoteWebDriver\n\tat org.openqa.selenium.remote.ElementLocation$ElementFinder$2.findElement(ElementLocation.java:165)\n\tat org.openqa.selenium.remote.ElementLocation.findElement(ElementLocation.java:66)\n\tat org.openqa.selenium.remote.RemoteWebDriver.findElement(RemoteWebDriver.java:385)\n\tat org.openqa.selenium.remote.RemoteWebDriver.findElement(RemoteWebDriver.java:377)\n\tat org.openqa.selenium.support.pagefactory.DefaultElementLocator.findElement(DefaultElementLocator.java:70)\n\tat org.openqa.selenium.support.pagefactory.internal.LocatingElementHandler.invoke(LocatingElementHandler.java:39)\n\tat jdk.proxy2/jdk.proxy2.$Proxy23.click(Unknown Source)\n\tat utils.CommonMethods.click(CommonMethods.java:50)\n\tat steps.Test1Steps.userFindsTheMacbookItemAndClickADDTOCART(Test1Steps.java:33)\n\tat ✽.user finds the Macbook item and click ADD TO CART(file:///Users/sakirsahin/IdeaProjects/ParallelJunitTestEngineerAssessment/src/test/resources/features/Test1.feature:8)\n",
              "duration": 364856000,
              "status": "failed"
            },
            "line": 8,
            "name": "user finds the Macbook item and click ADD TO CART",
            "match": {
              "location": "steps.Test1Steps.userFindsTheMacbookItemAndClickADDTOCART()"
            },
            "keyword": "And "
          },
          {
            "result": {
              "duration": 297000,
              "status": "skipped"
            },
            "line": 9,
            "name": "user clicks Cart Button and clicks View Cart From the top side",
            "match": {
              "location": "steps.Test1Steps.userClicksCartButtonAndClicksViewCartFromTheTopSide()"
            },
            "keyword": "And "
          },
          {
            "result": {
              "duration": 158000,
              "status": "skipped"
            },
            "line": 10,
            "name": "user clicks on Checkout button",
            "match": {
              "location": "steps.Test1Steps.userClicksOnCheckoutButton()"
            },
            "keyword": "When "
          },
          {
            "result": {
              "duration": 115000,
              "status": "skipped"
            },
            "line": 11,
            "name": "In Checkout Options user selects Guest Checkout and clicks Continue",
            "match": {
              "location": "steps.Test1Steps.inCheckoutOptionsUserSelectsGuestCheckoutAndClicksContinue()"
            },
            "keyword": "And "
          },
          {
            "result": {
              "duration": 239000,
              "status": "skipped"
            },
            "line": 12,
            "name": "In Billing details user enters all mandatory fields and Continue",
            "match": {
              "location": "steps.Test1Steps.inBillingDetailsUserEntersAllMandatoryFieldsAndContinue()"
            },
            "keyword": "And "
          },
          {
            "result": {
              "duration": 173000,
              "status": "skipped"
            },
            "line": 13,
            "name": "user adds In Payment Method and adds a comment",
            "match": {
              "location": "steps.Test1Steps.userAddsInPaymentMethodAndAddsAComment()"
            },
            "keyword": "And "
          },
          {
            "result": {
              "duration": 1078000,
              "status": "skipped"
            },
            "line": 14,
            "name": "In Payment Method, user selects Agree radio button and Continue",
            "match": {
              "location": "steps.Test1Steps.inPaymentMethodUserSelectsAgreeRadioButtonAndContinue()"
            },
            "keyword": "And "
          },
          {
            "result": {
              "duration": 263000,
              "status": "skipped"
            },
            "line": 15,
            "name": "user Verify that \"Warning: Payment method required!\" and closes the browser",
            "match": {
              "arguments": [
                {
                  "val": "\"Warning: Payment method required!\"",
                  "offset": 17
                }
              ],
              "location": "steps.Test1Steps.userVerifyThatAndClosesTheBrowser(java.lang.String)"
            },
            "keyword": "Then "
          }
        ],
        "tags": [
          {
            "name": "@test1"
          }
        ]
      }
    ],
    "name": "Testing website",
    "description": "",
    "id": "testing-website",
    "keyword": "Feature",
    "uri": "file:src/test/resources/features/Test1.feature",
    "tags": []
  },
  {
    "line": 1,
    "elements": [
      {
        "start_timestamp": "2022-06-23T21:46:38.501Z",
        "before": [
          {
            "result": {
              "duration": 8655179000,
              "status": "passed"
            },
            "match": {
              "location": "steps.Hooks.start()"
            }
          }
        ],
        "line": 4,
        "name": "Testing Test2 with parallel testing",
        "description": "",
        "id": "testing-website;testing-test2-with-parallel-testing",
        "after": [
          {
            "result": {
              "error_message": "org.openqa.selenium.NoSuchWindowException: no such window: target window already closed\nfrom unknown error: web view not found\n  (Session info: chrome\u003d102.0.5005.115)\nBuild info: version: \u00274.1.4\u0027, revision: \u0027535d840ee2\u0027\nSystem info: host: \u0027Sakirs-MBP.lan\u0027, ip: \u0027192.168.1.195\u0027, os.name: \u0027Mac OS X\u0027, os.arch: \u0027x86_64\u0027, os.version: \u002712.4\u0027, java.version: \u002717.0.2\u0027\nDriver info: org.openqa.selenium.chrome.ChromeDriver\nCommand: [963a9d0998b142eac4b0939b7ce55b43, screenshot {}]\nCapabilities {acceptInsecureCerts: false, browserName: chrome, browserVersion: 102.0.5005.115, chrome: {chromedriverVersion: 102.0.5005.61 (0e59bcc00cc4..., userDataDir: /var/folders/k6/v587rhlx46d...}, goog:chromeOptions: {debuggerAddress: localhost:57891}, javascriptEnabled: true, networkConnectionEnabled: false, pageLoadStrategy: normal, platform: MAC, platformName: MAC, proxy: Proxy(), se:cdp: ws://localhost:57891/devtoo..., se:cdpVersion: 102.0.5005.115, setWindowRect: true, strictFileInteractability: false, timeouts: {implicit: 0, pageLoad: 300000, script: 30000}, unhandledPromptBehavior: dismiss and notify, webauthn:extension:credBlob: true, webauthn:extension:largeBlob: true, webauthn:virtualAuthenticators: true}\nSession ID: 963a9d0998b142eac4b0939b7ce55b43\n\tat java.base/jdk.internal.reflect.NativeConstructorAccessorImpl.newInstance0(Native Method)\n\tat java.base/jdk.internal.reflect.NativeConstructorAccessorImpl.newInstance(NativeConstructorAccessorImpl.java:77)\n\tat java.base/jdk.internal.reflect.DelegatingConstructorAccessorImpl.newInstance(DelegatingConstructorAccessorImpl.java:45)\n\tat java.base/java.lang.reflect.Constructor.newInstanceWithCaller(Constructor.java:499)\n\tat java.base/java.lang.reflect.Constructor.newInstance(Constructor.java:480)\n\tat org.openqa.selenium.remote.codec.w3c.W3CHttpResponseCodec.createException(W3CHttpResponseCodec.java:200)\n\tat org.openqa.selenium.remote.codec.w3c.W3CHttpResponseCodec.decode(W3CHttpResponseCodec.java:133)\n\tat org.openqa.selenium.remote.codec.w3c.W3CHttpResponseCodec.decode(W3CHttpResponseCodec.java:53)\n\tat org.openqa.selenium.remote.HttpCommandExecutor.execute(HttpCommandExecutor.java:184)\n\tat org.openqa.selenium.remote.service.DriverCommandExecutor.invokeExecute(DriverCommandExecutor.java:167)\n\tat org.openqa.selenium.remote.service.DriverCommandExecutor.execute(DriverCommandExecutor.java:142)\n\tat org.openqa.selenium.remote.RemoteWebDriver.execute(RemoteWebDriver.java:567)\n\tat org.openqa.selenium.remote.RemoteWebDriver.execute(RemoteWebDriver.java:622)\n\tat org.openqa.selenium.remote.RemoteWebDriver.execute(RemoteWebDriver.java:626)\n\tat org.openqa.selenium.remote.RemoteWebDriver.getScreenshotAs(RemoteWebDriver.java:351)\n\tat utils.CommonMethods.takeScreenShot(CommonMethods.java:78)\n\tat steps.Hooks.end(Hooks.java:34)\n",
              "duration": 12033000,
              "status": "failed"
            },
            "match": {
              "location": "steps.Hooks.end(io.cucumber.java.Scenario)"
            }
          }
        ],
        "type": "scenario",
        "keyword": "Scenario",
        "steps": [
          {
            "result": {
              "duration": 9971000,
              "status": "passed"
            },
            "line": 5,
            "name": "user navigates to tutorials ninja website and verify that the title is \"Your Store\"",
            "match": {
              "arguments": [
                {
                  "val": "\"Your Store\"",
                  "offset": 71
                }
              ],
              "location": "steps.Test1Steps.userNavigatesToTutorialsNinjaWebsiteAndVerifyThatTheTitleIs(java.lang.String)"
            },
            "keyword": "Given "
          },
          {
            "result": {
              "duration": 57838000,
              "status": "passed"
            },
            "line": 6,
            "name": "user selects Laptops \u0026 Notebooks  From top menu",
            "match": {
              "location": "steps.Test1Steps.userSelectsLaptopsNotebooksFromTopMenu()"
            },
            "keyword": "And "
          },
          {
            "result": {
              "duration": 1109643000,
              "status": "passed"
            },
            "line": 7,
            "name": "user selects Show All Laptops \u0026 Notebooks From dropdown menu",
            "match": {
              "location": "steps.Test1Steps.userSelectsShowAllLaptopsNotebooksFromDropdownMenu()"
            },
            "keyword": "And "
          },
          {
            "result": {
              "error_message": "org.openqa.selenium.NoSuchWindowException: no such window: target window already closed\nfrom unknown error: web view not found\n  (Session info: chrome\u003d102.0.5005.115)\nBuild info: version: \u00274.1.4\u0027, revision: \u0027535d840ee2\u0027\nSystem info: host: \u0027Sakirs-MBP.lan\u0027, ip: \u0027192.168.1.195\u0027, os.name: \u0027Mac OS X\u0027, os.arch: \u0027x86_64\u0027, os.version: \u002712.4\u0027, java.version: \u002717.0.2\u0027\nDriver info: org.openqa.selenium.chrome.ChromeDriver\nCommand: [963a9d0998b142eac4b0939b7ce55b43, findElement {using\u003did, value\u003dbutton-cart}]\nCapabilities {acceptInsecureCerts: false, browserName: chrome, browserVersion: 102.0.5005.115, chrome: {chromedriverVersion: 102.0.5005.61 (0e59bcc00cc4..., userDataDir: /var/folders/k6/v587rhlx46d...}, goog:chromeOptions: {debuggerAddress: localhost:57891}, javascriptEnabled: true, networkConnectionEnabled: false, pageLoadStrategy: normal, platform: MAC, platformName: MAC, proxy: Proxy(), se:cdp: ws://localhost:57891/devtoo..., se:cdpVersion: 102.0.5005.115, setWindowRect: true, strictFileInteractability: false, timeouts: {implicit: 0, pageLoad: 300000, script: 30000}, unhandledPromptBehavior: dismiss and notify, webauthn:extension:credBlob: true, webauthn:extension:largeBlob: true, webauthn:virtualAuthenticators: true}\nSession ID: 963a9d0998b142eac4b0939b7ce55b43\n\tat java.base/jdk.internal.reflect.NativeConstructorAccessorImpl.newInstance0(Native Method)\n\tat java.base/jdk.internal.reflect.NativeConstructorAccessorImpl.newInstance(NativeConstructorAccessorImpl.java:77)\n\tat java.base/jdk.internal.reflect.DelegatingConstructorAccessorImpl.newInstance(DelegatingConstructorAccessorImpl.java:45)\n\tat java.base/java.lang.reflect.Constructor.newInstanceWithCaller(Constructor.java:499)\n\tat java.base/java.lang.reflect.Constructor.newInstance(Constructor.java:480)\n\tat org.openqa.selenium.remote.codec.w3c.W3CHttpResponseCodec.createException(W3CHttpResponseCodec.java:200)\n\tat org.openqa.selenium.remote.codec.w3c.W3CHttpResponseCodec.decode(W3CHttpResponseCodec.java:133)\n\tat org.openqa.selenium.remote.codec.w3c.W3CHttpResponseCodec.decode(W3CHttpResponseCodec.java:53)\n\tat org.openqa.selenium.remote.HttpCommandExecutor.execute(HttpCommandExecutor.java:184)\n\tat org.openqa.selenium.remote.service.DriverCommandExecutor.invokeExecute(DriverCommandExecutor.java:167)\n\tat org.openqa.selenium.remote.service.DriverCommandExecutor.execute(DriverCommandExecutor.java:142)\n\tat org.openqa.selenium.remote.RemoteWebDriver.execute(RemoteWebDriver.java:567)\n\tat org.openqa.selenium.remote.ElementLocation$ElementFinder$2.findElement(ElementLocation.java:162)\n\tat org.openqa.selenium.remote.ElementLocation.findElement(ElementLocation.java:66)\n\tat org.openqa.selenium.remote.RemoteWebDriver.findElement(RemoteWebDriver.java:385)\n\tat org.openqa.selenium.remote.RemoteWebDriver.findElement(RemoteWebDriver.java:377)\n\tat org.openqa.selenium.support.pagefactory.DefaultElementLocator.findElement(DefaultElementLocator.java:70)\n\tat org.openqa.selenium.support.pagefactory.internal.LocatingElementHandler.invoke(LocatingElementHandler.java:39)\n\tat jdk.proxy2/jdk.proxy2.$Proxy23.click(Unknown Source)\n\tat utils.CommonMethods.click(CommonMethods.java:50)\n\tat steps.Test1Steps.userFindsTheMacbookItemAndClickADDTOCART(Test1Steps.java:33)\n\tat ✽.user finds the Macbook item and click ADD TO CART(file:///Users/sakirsahin/IdeaProjects/ParallelJunitTestEngineerAssessment/src/test/resources/features/Test2.feature:8)\n",
              "duration": 2648880000,
              "status": "failed"
            },
            "line": 8,
            "name": "user finds the Macbook item and click ADD TO CART",
            "match": {
              "location": "steps.Test1Steps.userFindsTheMacbookItemAndClickADDTOCART()"
            },
            "keyword": "And "
          },
          {
            "result": {
              "duration": 582000,
              "status": "skipped"
            },
            "line": 9,
            "name": "user clicks Cart Button and clicks View Cart From the top side",
            "match": {
              "location": "steps.Test1Steps.userClicksCartButtonAndClicksViewCartFromTheTopSide()"
            },
            "keyword": "And "
          },
          {
            "result": {
              "duration": 150000,
              "status": "skipped"
            },
            "line": 10,
            "name": "user clicks on Checkout button",
            "match": {
              "location": "steps.Test1Steps.userClicksOnCheckoutButton()"
            },
            "keyword": "When "
          },
          {
            "result": {
              "duration": 122000,
              "status": "skipped"
            },
            "line": 11,
            "name": "In Checkout Options user selects Guest Checkout and clicks Continue",
            "match": {
              "location": "steps.Test1Steps.inCheckoutOptionsUserSelectsGuestCheckoutAndClicksContinue()"
            },
            "keyword": "And "
          },
          {
            "result": {
              "duration": 146000,
              "status": "skipped"
            },
            "line": 12,
            "name": "In Billing details user enters all mandatory fields and Continue",
            "match": {
              "location": "steps.Test1Steps.inBillingDetailsUserEntersAllMandatoryFieldsAndContinue()"
            },
            "keyword": "And "
          },
          {
            "result": {
              "duration": 124000,
              "status": "skipped"
            },
            "line": 13,
            "name": "user adds In Payment Method and adds a comment",
            "match": {
              "location": "steps.Test1Steps.userAddsInPaymentMethodAndAddsAComment()"
            },
            "keyword": "And "
          },
          {
            "result": {
              "duration": 146000,
              "status": "skipped"
            },
            "line": 14,
            "name": "In Payment Method, user selects Agree radio button and Continue",
            "match": {
              "location": "steps.Test1Steps.inPaymentMethodUserSelectsAgreeRadioButtonAndContinue()"
            },
            "keyword": "And "
          },
          {
            "result": {
              "duration": 126000,
              "status": "skipped"
            },
            "line": 15,
            "name": "user Verify that \"Warning: Payment method required!\" and closes the browser",
            "match": {
              "arguments": [
                {
                  "val": "\"Warning: Payment method required!\"",
                  "offset": 17
                }
              ],
              "location": "steps.Test1Steps.userVerifyThatAndClosesTheBrowser(java.lang.String)"
            },
            "keyword": "Then "
          }
        ],
        "tags": [
          {
            "name": "@test1"
          }
        ]
      }
    ],
    "name": "Testing website",
    "description": "",
    "id": "testing-website",
    "keyword": "Feature",
    "uri": "file:src/test/resources/features/Test2.feature",
    "tags": []
  }
]